Msg 5170, Level 16, State 4, Server LAPTOP-PE606C6K\CRYPTON_BD, Line 1
Cannot create file 'C:\Crypton_bd_.mdf' because it already exists. Change the file path or the file name, and retry the operation.
Msg 1802, Level 16, State 4, Server LAPTOP-PE606C6K\CRYPTON_BD, Line 1
CREATE DATABASE failed. Some file names listed could not be created. Check related errors.
Msg 911, Level 16, State 1, Server LAPTOP-PE606C6K\CRYPTON_BD, Line 1
Database 'Crypton_BD' does not exist. Make sure that the name is entered correctly.
Msg 2714, Level 16, State 6, Server LAPTOP-PE606C6K\CRYPTON_BD, Line 1
There is already an object named 'admin_backup' in the database.
Msg 2714, Level 16, State 6, Server LAPTOP-PE606C6K\CRYPTON_BD, Line 1
There is already an object named 'api_keys' in the database.
Msg 2714, Level 16, State 6, Server LAPTOP-PE606C6K\CRYPTON_BD, Line 1
There is already an object named 'banco_data' in the database.
Msg 2714, Level 16, State 6, Server LAPTOP-PE606C6K\CRYPTON_BD, Line 1
There is already an object named 'billetera' in the database.
Msg 2714, Level 16, State 6, Server LAPTOP-PE606C6K\CRYPTON_BD, Line 1
There is already an object named 'bitacora' in the database.
Msg 2714, Level 16, State 6, Server LAPTOP-PE606C6K\CRYPTON_BD, Line 1
There is already an object named 'clienta_agenda' in the database.
Msg 2714, Level 16, State 6, Server LAPTOP-PE606C6K\CRYPTON_BD, Line 1
There is already an object named 'cliente' in the database.
Msg 2714, Level 16, State 6, Server LAPTOP-PE606C6K\CRYPTON_BD, Line 1
There is already an object named 'cliente_agenda' in the database.
Msg 2714, Level 16, State 6, Server LAPTOP-PE606C6K\CRYPTON_BD, Line 1
There is already an object named 'cliente_cambios' in the database.
Msg 2714, Level 16, State 6, Server LAPTOP-PE606C6K\CRYPTON_BD, Line 1
There is already an object named 'comision_operacion_valor' in the database.
Msg 2714, Level 16, State 6, Server LAPTOP-PE606C6K\CRYPTON_BD, Line 1
There is already an object named 'comisiones' in the database.
Msg 2714, Level 16, State 6, Server LAPTOP-PE606C6K\CRYPTON_BD, Line 1
There is already an object named 'conversiones' in the database.
Msg 2714, Level 16, State 6, Server LAPTOP-PE606C6K\CRYPTON_BD, Line 1
There is already an object named 'cuenta_estado' in the database.
Msg 2714, Level 16, State 6, Server LAPTOP-PE606C6K\CRYPTON_BD, Line 1
There is already an object named 'cuentas' in the database.
Msg 2714, Level 16, State 6, Server LAPTOP-PE606C6K\CRYPTON_BD, Line 1
There is already an object named 'dvv' in the database.
Msg 2714, Level 16, State 6, Server LAPTOP-PE606C6K\CRYPTON_BD, Line 1
There is already an object named 'empleado' in the database.
Msg 2714, Level 16, State 6, Server LAPTOP-PE606C6K\CRYPTON_BD, Line 1
There is already an object named 'idioma_palabras' in the database.
Msg 2714, Level 16, State 6, Server LAPTOP-PE606C6K\CRYPTON_BD, Line 1
There is already an object named 'idiomas' in the database.
Msg 2714, Level 16, State 6, Server LAPTOP-PE606C6K\CRYPTON_BD, Line 1
There is already an object named 'moneda' in the database.
Msg 2714, Level 16, State 6, Server LAPTOP-PE606C6K\CRYPTON_BD, Line 1
There is already an object named 'notificaciones' in the database.
Msg 2714, Level 16, State 6, Server LAPTOP-PE606C6K\CRYPTON_BD, Line 1
There is already an object named 'onboarding_estados' in the database.
Msg 2714, Level 16, State 6, Server LAPTOP-PE606C6K\CRYPTON_BD, Line 1
There is already an object named 'orden_compra' in the database.
Msg 2714, Level 16, State 6, Server LAPTOP-PE606C6K\CRYPTON_BD, Line 1
There is already an object named 'orden_estado' in the database.
Msg 2714, Level 16, State 6, Server LAPTOP-PE606C6K\CRYPTON_BD, Line 1
There is already an object named 'orden_venta' in the database.
Msg 2714, Level 16, State 6, Server LAPTOP-PE606C6K\CRYPTON_BD, Line 1
There is already an object named 'palabras' in the database.
Msg 2714, Level 16, State 6, Server LAPTOP-PE606C6K\CRYPTON_BD, Line 1
There is already an object named 'permiso' in the database.
Msg 2714, Level 16, State 6, Server LAPTOP-PE606C6K\CRYPTON_BD, Line 1
There is already an object named 'permiso_permiso' in the database.
Msg 2714, Level 16, State 6, Server LAPTOP-PE606C6K\CRYPTON_BD, Line 1
There is already an object named 'solic_estados' in the database.
Msg 2714, Level 16, State 6, Server LAPTOP-PE606C6K\CRYPTON_BD, Line 1
There is already an object named 'solic_ingreso' in the database.
Msg 2714, Level 16, State 6, Server LAPTOP-PE606C6K\CRYPTON_BD, Line 1
There is already an object named 'solic_onboarding' in the database.
Msg 2714, Level 16, State 6, Server LAPTOP-PE606C6K\CRYPTON_BD, Line 1
There is already an object named 'solic_operacion' in the database.
Msg 2714, Level 16, State 6, Server LAPTOP-PE606C6K\CRYPTON_BD, Line 1
There is already an object named 'solic_retiro' in the database.
Msg 2714, Level 16, State 6, Server LAPTOP-PE606C6K\CRYPTON_BD, Line 1
There is already an object named 'tipo_solic_op' in the database.
Msg 2714, Level 16, State 6, Server LAPTOP-PE606C6K\CRYPTON_BD, Line 1
There is already an object named 'tipo_usuario' in the database.
Msg 2714, Level 16, State 6, Server LAPTOP-PE606C6K\CRYPTON_BD, Line 1
There is already an object named 'transferencias' in the database.
Msg 2714, Level 16, State 6, Server LAPTOP-PE606C6K\CRYPTON_BD, Line 1
There is already an object named 'usuario' in the database.
Msg 2714, Level 16, State 6, Server LAPTOP-PE606C6K\CRYPTON_BD, Line 1
There is already an object named 'usuario_bloq' in the database.
Msg 2714, Level 16, State 6, Server LAPTOP-PE606C6K\CRYPTON_BD, Line 1
There is already an object named 'usuario_cliente' in the database.
Msg 2714, Level 16, State 6, Server LAPTOP-PE606C6K\CRYPTON_BD, Line 1
There is already an object named 'usuario_contactos' in the database.
Msg 2714, Level 16, State 6, Server LAPTOP-PE606C6K\CRYPTON_BD, Line 1
There is already an object named 'usuario_estado' in the database.
Msg 2714, Level 16, State 6, Server LAPTOP-PE606C6K\CRYPTON_BD, Line 1
There is already an object named 'usuarios_permisos' in the database.
Msg 2627, Level 14, State 1, Server LAPTOP-PE606C6K\CRYPTON_BD, Line 3
Violation of PRIMARY KEY constraint 'PK__admin_ba__90C2A201F819FDFA'. Cannot insert duplicate key in object 'dbo.admin_backup'. The duplicate key value is (1).
Msg 2627, Level 14, State 1, Server LAPTOP-PE606C6K\CRYPTON_BD, Line 4
Violation of PRIMARY KEY constraint 'PK__admin_ba__90C2A201F819FDFA'. Cannot insert duplicate key in object 'dbo.admin_backup'. The duplicate key value is (2).
Msg 2627, Level 14, State 1, Server LAPTOP-PE606C6K\CRYPTON_BD, Line 5
Violation of PRIMARY KEY constraint 'PK__admin_ba__90C2A201F819FDFA'. Cannot insert duplicate key in object 'dbo.admin_backup'. The duplicate key value is (3).
Msg 2627, Level 14, State 1, Server LAPTOP-PE606C6K\CRYPTON_BD, Line 6
Violation of PRIMARY KEY constraint 'PK__admin_ba__90C2A201F819FDFA'. Cannot insert duplicate key in object 'dbo.admin_backup'. The duplicate key value is (4).
Msg 2627, Level 14, State 1, Server LAPTOP-PE606C6K\CRYPTON_BD, Line 7
Violation of PRIMARY KEY constraint 'PK__admin_ba__90C2A201F819FDFA'. Cannot insert duplicate key in object 'dbo.admin_backup'. The duplicate key value is (5).
Msg 2627, Level 14, State 1, Server LAPTOP-PE606C6K\CRYPTON_BD, Line 8
Violation of PRIMARY KEY constraint 'PK__admin_ba__90C2A201F819FDFA'. Cannot insert duplicate key in object 'dbo.admin_backup'. The duplicate key value is (6).
Msg 2627, Level 14, State 1, Server LAPTOP-PE606C6K\CRYPTON_BD, Line 9
Violation of PRIMARY KEY constraint 'PK__admin_ba__90C2A201F819FDFA'. Cannot insert duplicate key in object 'dbo.admin_backup'. The duplicate key value is (10).
Msg 2627, Level 14, State 1, Server LAPTOP-PE606C6K\CRYPTON_BD, Line 10
Violation of PRIMARY KEY constraint 'PK__admin_ba__90C2A201F819FDFA'. Cannot insert duplicate key in object 'dbo.admin_backup'. The duplicate key value is (11).
Msg 2627, Level 14, State 1, Server LAPTOP-PE606C6K\CRYPTON_BD, Line 11
Violation of PRIMARY KEY constraint 'PK__admin_ba__90C2A201F819FDFA'. Cannot insert duplicate key in object 'dbo.admin_backup'. The duplicate key value is (12).
Msg 2627, Level 14, State 1, Server LAPTOP-PE606C6K\CRYPTON_BD, Line 12
Violation of PRIMARY KEY constraint 'PK__admin_ba__90C2A201F819FDFA'. Cannot insert duplicate key in object 'dbo.admin_backup'. The duplicate key value is (13).
Msg 2627, Level 14, State 1, Server LAPTOP-PE606C6K\CRYPTON_BD, Line 13
Violation of PRIMARY KEY constraint 'PK__admin_ba__90C2A201F819FDFA'. Cannot insert duplicate key in object 'dbo.admin_backup'. The duplicate key value is (14).
Msg 2627, Level 14, State 1, Server LAPTOP-PE606C6K\CRYPTON_BD, Line 14
Violation of PRIMARY KEY constraint 'PK__admin_ba__90C2A201F819FDFA'. Cannot insert duplicate key in object 'dbo.admin_backup'. The duplicate key value is (15).
Msg 2627, Level 14, State 1, Server LAPTOP-PE606C6K\CRYPTON_BD, Line 15
Violation of PRIMARY KEY constraint 'PK__admin_ba__90C2A201F819FDFA'. Cannot insert duplicate key in object 'dbo.admin_backup'. The duplicate key value is (16).
Msg 2627, Level 14, State 1, Server LAPTOP-PE606C6K\CRYPTON_BD, Line 16
Violation of PRIMARY KEY constraint 'PK__admin_ba__90C2A201F819FDFA'. Cannot insert duplicate key in object 'dbo.admin_backup'. The duplicate key value is (17).
Msg 2627, Level 14, State 1, Server LAPTOP-PE606C6K\CRYPTON_BD, Line 17
Violation of PRIMARY KEY constraint 'PK__admin_ba__90C2A201F819FDFA'. Cannot insert duplicate key in object 'dbo.admin_backup'. The duplicate key value is (18).
Msg 2627, Level 14, State 1, Server LAPTOP-PE606C6K\CRYPTON_BD, Line 18
Violation of PRIMARY KEY constraint 'PK__admin_ba__90C2A201F819FDFA'. Cannot insert duplicate key in object 'dbo.admin_backup'. The duplicate key value is (19).
Msg 2627, Level 14, State 1, Server LAPTOP-PE606C6K\CRYPTON_BD, Line 19
Violation of PRIMARY KEY constraint 'PK__admin_ba__90C2A201F819FDFA'. Cannot insert duplicate key in object 'dbo.admin_backup'. The duplicate key value is (20).
Msg 2627, Level 14, State 1, Server LAPTOP-PE606C6K\CRYPTON_BD, Line 3
Violation of PRIMARY KEY constraint 'PK__banco_da__A087EB2981CDE976'. Cannot insert duplicate key in object 'dbo.banco_data'. The duplicate key value is (1).
Msg 2627, Level 14, State 1, Server LAPTOP-PE606C6K\CRYPTON_BD, Line 3
Violation of PRIMARY KEY constraint 'PK__billeter__20F757B37F99277B'. Cannot insert duplicate key in object 'dbo.billetera'. The duplicate key value is (1).
Msg 2627, Level 14, State 1, Server LAPTOP-PE606C6K\CRYPTON_BD, Line 4
Violation of PRIMARY KEY constraint 'PK__billeter__20F757B37F99277B'. Cannot insert duplicate key in object 'dbo.billetera'. The duplicate key value is (2).
Msg 2627, Level 14, State 1, Server LAPTOP-PE606C6K\CRYPTON_BD, Line 5
Violation of PRIMARY KEY constraint 'PK__billeter__20F757B37F99277B'. Cannot insert duplicate key in object 'dbo.billetera'. The duplicate key value is (3).
Msg 2627, Level 14, State 1, Server LAPTOP-PE606C6K\CRYPTON_BD, Line 6
Violation of PRIMARY KEY constraint 'PK__billeter__20F757B37F99277B'. Cannot insert duplicate key in object 'dbo.billetera'. The duplicate key value is (4).
Msg 2627, Level 14, State 1, Server LAPTOP-PE606C6K\CRYPTON_BD, Line 7
Violation of PRIMARY KEY constraint 'PK__billeter__20F757B37F99277B'. Cannot insert duplicate key in object 'dbo.billetera'. The duplicate key value is (5).
Msg 2627, Level 14, State 1, Server LAPTOP-PE606C6K\CRYPTON_BD, Line 8
Violation of PRIMARY KEY constraint 'PK__billeter__20F757B37F99277B'. Cannot insert duplicate key in object 'dbo.billetera'. The duplicate key value is (6).
Msg 2627, Level 14, State 1, Server LAPTOP-PE606C6K\CRYPTON_BD, Line 9
Violation of PRIMARY KEY constraint 'PK__billeter__20F757B37F99277B'. Cannot insert duplicate key in object 'dbo.billetera'. The duplicate key value is (7).
Msg 2627, Level 14, State 1, Server LAPTOP-PE606C6K\CRYPTON_BD, Line 10
Violation of PRIMARY KEY constraint 'PK__billeter__20F757B37F99277B'. Cannot insert duplicate key in object 'dbo.billetera'. The duplicate key value is (8).
Msg 2627, Level 14, State 1, Server LAPTOP-PE606C6K\CRYPTON_BD, Line 11
Violation of PRIMARY KEY constraint 'PK__billeter__20F757B37F99277B'. Cannot insert duplicate key in object 'dbo.billetera'. The duplicate key value is (9).
Msg 2627, Level 14, State 1, Server LAPTOP-PE606C6K\CRYPTON_BD, Line 12
Violation of PRIMARY KEY constraint 'PK__billeter__20F757B37F99277B'. Cannot insert duplicate key in object 'dbo.billetera'. The duplicate key value is (10).
Msg 2627, Level 14, State 1, Server LAPTOP-PE606C6K\CRYPTON_BD, Line 13
Violation of PRIMARY KEY constraint 'PK__billeter__20F757B37F99277B'. Cannot insert duplicate key in object 'dbo.billetera'. The duplicate key value is (11).
Msg 2627, Level 14, State 1, Server LAPTOP-PE606C6K\CRYPTON_BD, Line 14
Violation of PRIMARY KEY constraint 'PK__billeter__20F757B37F99277B'. Cannot insert duplicate key in object 'dbo.billetera'. The duplicate key value is (12).
Msg 2627, Level 14, State 1, Server LAPTOP-PE606C6K\CRYPTON_BD, Line 15
Violation of PRIMARY KEY constraint 'PK__billeter__20F757B37F99277B'. Cannot insert duplicate key in object 'dbo.billetera'. The duplicate key value is (13).
Msg 2627, Level 14, State 1, Server LAPTOP-PE606C6K\CRYPTON_BD, Line 16
Violation of PRIMARY KEY constraint 'PK__billeter__20F757B37F99277B'. Cannot insert duplicate key in object 'dbo.billetera'. The duplicate key value is (14).
Msg 2627, Level 14, State 1, Server LAPTOP-PE606C6K\CRYPTON_BD, Line 17
Violation of PRIMARY KEY constraint 'PK__billeter__20F757B37F99277B'. Cannot insert duplicate key in object 'dbo.billetera'. The duplicate key value is (15).
Msg 2627, Level 14, State 1, Server LAPTOP-PE606C6K\CRYPTON_BD, Line 18
Violation of PRIMARY KEY constraint 'PK__billeter__20F757B37F99277B'. Cannot insert duplicate key in object 'dbo.billetera'. The duplicate key value is (16).
Msg 2627, Level 14, State 1, Server LAPTOP-PE606C6K\CRYPTON_BD, Line 19
Violation of PRIMARY KEY constraint 'PK__billeter__20F757B37F99277B'. Cannot insert duplicate key in object 'dbo.billetera'. The duplicate key value is (17).
Msg 2627, Level 14, State 1, Server LAPTOP-PE606C6K\CRYPTON_BD, Line 20
Violation of PRIMARY KEY constraint 'PK__billeter__20F757B37F99277B'. Cannot insert duplicate key in object 'dbo.billetera'. The duplicate key value is (18).
Msg 2627, Level 14, State 1, Server LAPTOP-PE606C6K\CRYPTON_BD, Line 21
Violation of PRIMARY KEY constraint 'PK__billeter__20F757B37F99277B'. Cannot insert duplicate key in object 'dbo.billetera'. The duplicate key value is (19).
Msg 2627, Level 14, State 1, Server LAPTOP-PE606C6K\CRYPTON_BD, Line 22
Violation of PRIMARY KEY constraint 'PK__billeter__20F757B37F99277B'. Cannot insert duplicate key in object 'dbo.billetera'. The duplicate key value is (20).
Msg 2627, Level 14, State 1, Server LAPTOP-PE606C6K\CRYPTON_BD, Line 3
Violation of PRIMARY KEY constraint 'PK__bitacora__3213E83F8BA73E4F'. Cannot insert duplicate key in object 'dbo.bitacora'. The duplicate key value is (1).
Msg 2627, Level 14, State 1, Server LAPTOP-PE606C6K\CRYPTON_BD, Line 4
Violation of PRIMARY KEY constraint 'PK__bitacora__3213E83F8BA73E4F'. Cannot insert duplicate key in object 'dbo.bitacora'. The duplicate key value is (2).
Msg 2627, Level 14, State 1, Server LAPTOP-PE606C6K\CRYPTON_BD, Line 5
Violation of PRIMARY KEY constraint 'PK__bitacora__3213E83F8BA73E4F'. Cannot insert duplicate key in object 'dbo.bitacora'. The duplicate key value is (3).
Msg 2627, Level 14, State 1, Server LAPTOP-PE606C6K\CRYPTON_BD, Line 6
Violation of PRIMARY KEY constraint 'PK__bitacora__3213E83F8BA73E4F'. Cannot insert duplicate key in object 'dbo.bitacora'. The duplicate key value is (4).
Msg 2627, Level 14, State 1, Server LAPTOP-PE606C6K\CRYPTON_BD, Line 7
Violation of PRIMARY KEY constraint 'PK__bitacora__3213E83F8BA73E4F'. Cannot insert duplicate key in object 'dbo.bitacora'. The duplicate key value is (5).
Msg 2627, Level 14, State 1, Server LAPTOP-PE606C6K\CRYPTON_BD, Line 8
Violation of PRIMARY KEY constraint 'PK__bitacora__3213E83F8BA73E4F'. Cannot insert duplicate key in object 'dbo.bitacora'. The duplicate key value is (6).
Msg 2627, Level 14, State 1, Server LAPTOP-PE606C6K\CRYPTON_BD, Line 9
Violation of PRIMARY KEY constraint 'PK__bitacora__3213E83F8BA73E4F'. Cannot insert duplicate key in object 'dbo.bitacora'. The duplicate key value is (7).
Msg 2627, Level 14, State 1, Server LAPTOP-PE606C6K\CRYPTON_BD, Line 10
Violation of PRIMARY KEY constraint 'PK__bitacora__3213E83F8BA73E4F'. Cannot insert duplicate key in object 'dbo.bitacora'. The duplicate key value is (8).
Msg 2627, Level 14, State 1, Server LAPTOP-PE606C6K\CRYPTON_BD, Line 11
Violation of PRIMARY KEY constraint 'PK__bitacora__3213E83F8BA73E4F'. Cannot insert duplicate key in object 'dbo.bitacora'. The duplicate key value is (9).
Msg 2627, Level 14, State 1, Server LAPTOP-PE606C6K\CRYPTON_BD, Line 12
Violation of PRIMARY KEY constraint 'PK__bitacora__3213E83F8BA73E4F'. Cannot insert duplicate key in object 'dbo.bitacora'. The duplicate key value is (10).
Msg 2627, Level 14, State 1, Server LAPTOP-PE606C6K\CRYPTON_BD, Line 13
Violation of PRIMARY KEY constraint 'PK__bitacora__3213E83F8BA73E4F'. Cannot insert duplicate key in object 'dbo.bitacora'. The duplicate key value is (11).
Msg 2627, Level 14, State 1, Server LAPTOP-PE606C6K\CRYPTON_BD, Line 14
Violation of PRIMARY KEY constraint 'PK__bitacora__3213E83F8BA73E4F'. Cannot insert duplicate key in object 'dbo.bitacora'. The duplicate key value is (12).
Msg 2627, Level 14, State 1, Server LAPTOP-PE606C6K\CRYPTON_BD, Line 15
Violation of PRIMARY KEY constraint 'PK__bitacora__3213E83F8BA73E4F'. Cannot insert duplicate key in object 'dbo.bitacora'. The duplicate key value is (13).
Msg 2627, Level 14, State 1, Server LAPTOP-PE606C6K\CRYPTON_BD, Line 16
Violation of PRIMARY KEY constraint 'PK__bitacora__3213E83F8BA73E4F'. Cannot insert duplicate key in object 'dbo.bitacora'. The duplicate key value is (14).
Msg 2627, Level 14, State 1, Server LAPTOP-PE606C6K\CRYPTON_BD, Line 17
Violation of PRIMARY KEY constraint 'PK__bitacora__3213E83F8BA73E4F'. Cannot insert duplicate key in object 'dbo.bitacora'. The duplicate key value is (15).
Msg 2627, Level 14, State 1, Server LAPTOP-PE606C6K\CRYPTON_BD, Line 18
Violation of PRIMARY KEY constraint 'PK__bitacora__3213E83F8BA73E4F'. Cannot insert duplicate key in object 'dbo.bitacora'. The duplicate key value is (16).
Msg 2627, Level 14, State 1, Server LAPTOP-PE606C6K\CRYPTON_BD, Line 19
Violation of PRIMARY KEY constraint 'PK__bitacora__3213E83F8BA73E4F'. Cannot insert duplicate key in object 'dbo.bitacora'. The duplicate key value is (17).
Msg 2627, Level 14, State 1, Server LAPTOP-PE606C6K\CRYPTON_BD, Line 20
Violation of PRIMARY KEY constraint 'PK__bitacora__3213E83F8BA73E4F'. Cannot insert duplicate key in object 'dbo.bitacora'. The duplicate key value is (18).
Msg 2627, Level 14, State 1, Server LAPTOP-PE606C6K\CRYPTON_BD, Line 21
Violation of PRIMARY KEY constraint 'PK__bitacora__3213E83F8BA73E4F'. Cannot insert duplicate key in object 'dbo.bitacora'. The duplicate key value is (19).
Msg 2627, Level 14, State 1, Server LAPTOP-PE606C6K\CRYPTON_BD, Line 22
Violation of PRIMARY KEY constraint 'PK__bitacora__3213E83F8BA73E4F'. Cannot insert duplicate key in object 'dbo.bitacora'. The duplicate key value is (20).
Msg 2627, Level 14, State 1, Server LAPTOP-PE606C6K\CRYPTON_BD, Line 23
Violation of PRIMARY KEY constraint 'PK__bitacora__3213E83F8BA73E4F'. Cannot insert duplicate key in object 'dbo.bitacora'. The duplicate key value is (21).
Msg 2627, Level 14, State 1, Server LAPTOP-PE606C6K\CRYPTON_BD, Line 24
Violation of PRIMARY KEY constraint 'PK__bitacora__3213E83F8BA73E4F'. Cannot insert duplicate key in object 'dbo.bitacora'. The duplicate key value is (22).
Msg 2627, Level 14, State 1, Server LAPTOP-PE606C6K\CRYPTON_BD, Line 25
Violation of PRIMARY KEY constraint 'PK__bitacora__3213E83F8BA73E4F'. Cannot insert duplicate key in object 'dbo.bitacora'. The duplicate key value is (23).
Msg 2627, Level 14, State 1, Server LAPTOP-PE606C6K\CRYPTON_BD, Line 26
Violation of PRIMARY KEY constraint 'PK__bitacora__3213E83F8BA73E4F'. Cannot insert duplicate key in object 'dbo.bitacora'. The duplicate key value is (24).
Msg 2627, Level 14, State 1, Server LAPTOP-PE606C6K\CRYPTON_BD, Line 27
Violation of PRIMARY KEY constraint 'PK__bitacora__3213E83F8BA73E4F'. Cannot insert duplicate key in object 'dbo.bitacora'. The duplicate key value is (25).
Msg 2627, Level 14, State 1, Server LAPTOP-PE606C6K\CRYPTON_BD, Line 28
Violation of PRIMARY KEY constraint 'PK__bitacora__3213E83F8BA73E4F'. Cannot insert duplicate key in object 'dbo.bitacora'. The duplicate key value is (26).
Msg 2627, Level 14, State 1, Server LAPTOP-PE606C6K\CRYPTON_BD, Line 29
Violation of PRIMARY KEY constraint 'PK__bitacora__3213E83F8BA73E4F'. Cannot insert duplicate key in object 'dbo.bitacora'. The duplicate key value is (27).
Msg 2627, Level 14, State 1, Server LAPTOP-PE606C6K\CRYPTON_BD, Line 30
Violation of PRIMARY KEY constraint 'PK__bitacora__3213E83F8BA73E4F'. Cannot insert duplicate key in object 'dbo.bitacora'. The duplicate key value is (28).
Msg 2627, Level 14, State 1, Server LAPTOP-PE606C6K\CRYPTON_BD, Line 31
Violation of PRIMARY KEY constraint 'PK__bitacora__3213E83F8BA73E4F'. Cannot insert duplicate key in object 'dbo.bitacora'. The duplicate key value is (29).
Msg 2627, Level 14, State 1, Server LAPTOP-PE606C6K\CRYPTON_BD, Line 32
Violation of PRIMARY KEY constraint 'PK__bitacora__3213E83F8BA73E4F'. Cannot insert duplicate key in object 'dbo.bitacora'. The duplicate key value is (30).
Msg 2627, Level 14, State 1, Server LAPTOP-PE606C6K\CRYPTON_BD, Line 33
Violation of PRIMARY KEY constraint 'PK__bitacora__3213E83F8BA73E4F'. Cannot insert duplicate key in object 'dbo.bitacora'. The duplicate key value is (31).
Msg 2627, Level 14, State 1, Server LAPTOP-PE606C6K\CRYPTON_BD, Line 34
Violation of PRIMARY KEY constraint 'PK__bitacora__3213E83F8BA73E4F'. Cannot insert duplicate key in object 'dbo.bitacora'. The duplicate key value is (32).
Msg 2627, Level 14, State 1, Server LAPTOP-PE606C6K\CRYPTON_BD, Line 35
Violation of PRIMARY KEY constraint 'PK__bitacora__3213E83F8BA73E4F'. Cannot insert duplicate key in object 'dbo.bitacora'. The duplicate key value is (33).
Msg 2627, Level 14, State 1, Server LAPTOP-PE606C6K\CRYPTON_BD, Line 36
Violation of PRIMARY KEY constraint 'PK__bitacora__3213E83F8BA73E4F'. Cannot insert duplicate key in object 'dbo.bitacora'. The duplicate key value is (34).
Msg 2627, Level 14, State 1, Server LAPTOP-PE606C6K\CRYPTON_BD, Line 37
Violation of PRIMARY KEY constraint 'PK__bitacora__3213E83F8BA73E4F'. Cannot insert duplicate key in object 'dbo.bitacora'. The duplicate key value is (35).
Msg 2627, Level 14, State 1, Server LAPTOP-PE606C6K\CRYPTON_BD, Line 38
Violation of PRIMARY KEY constraint 'PK__bitacora__3213E83F8BA73E4F'. Cannot insert duplicate key in object 'dbo.bitacora'. The duplicate key value is (36).
Msg 2627, Level 14, State 1, Server LAPTOP-PE606C6K\CRYPTON_BD, Line 39
Violation of PRIMARY KEY constraint 'PK__bitacora__3213E83F8BA73E4F'. Cannot insert duplicate key in object 'dbo.bitacora'. The duplicate key value is (37).
Msg 2627, Level 14, State 1, Server LAPTOP-PE606C6K\CRYPTON_BD, Line 40
Violation of PRIMARY KEY constraint 'PK__bitacora__3213E83F8BA73E4F'. Cannot insert duplicate key in object 'dbo.bitacora'. The duplicate key value is (38).
Msg 2627, Level 14, State 1, Server LAPTOP-PE606C6K\CRYPTON_BD, Line 41
Violation of PRIMARY KEY constraint 'PK__bitacora__3213E83F8BA73E4F'. Cannot insert duplicate key in object 'dbo.bitacora'. The duplicate key value is (39).
Msg 2627, Level 14, State 1, Server LAPTOP-PE606C6K\CRYPTON_BD, Line 42
Violation of PRIMARY KEY constraint 'PK__bitacora__3213E83F8BA73E4F'. Cannot insert duplicate key in object 'dbo.bitacora'. The duplicate key value is (40).
Msg 2627, Level 14, State 1, Server LAPTOP-PE606C6K\CRYPTON_BD, Line 43
Violation of PRIMARY KEY constraint 'PK__bitacora__3213E83F8BA73E4F'. Cannot insert duplicate key in object 'dbo.bitacora'. The duplicate key value is (41).
Msg 2627, Level 14, State 1, Server LAPTOP-PE606C6K\CRYPTON_BD, Line 44
Violation of PRIMARY KEY constraint 'PK__bitacora__3213E83F8BA73E4F'. Cannot insert duplicate key in object 'dbo.bitacora'. The duplicate key value is (42).
Msg 2627, Level 14, State 1, Server LAPTOP-PE606C6K\CRYPTON_BD, Line 45
Violation of PRIMARY KEY constraint 'PK__bitacora__3213E83F8BA73E4F'. Cannot insert duplicate key in object 'dbo.bitacora'. The duplicate key value is (43).
Msg 2627, Level 14, State 1, Server LAPTOP-PE606C6K\CRYPTON_BD, Line 46
Violation of PRIMARY KEY constraint 'PK__bitacora__3213E83F8BA73E4F'. Cannot insert duplicate key in object 'dbo.bitacora'. The duplicate key value is (44).
Msg 2627, Level 14, State 1, Server LAPTOP-PE606C6K\CRYPTON_BD, Line 47
Violation of PRIMARY KEY constraint 'PK__bitacora__3213E83F8BA73E4F'. Cannot insert duplicate key in object 'dbo.bitacora'. The duplicate key value is (45).
Msg 2627, Level 14, State 1, Server LAPTOP-PE606C6K\CRYPTON_BD, Line 48
Violation of PRIMARY KEY constraint 'PK__bitacora__3213E83F8BA73E4F'. Cannot insert duplicate key in object 'dbo.bitacora'. The duplicate key value is (46).
Msg 2627, Level 14, State 1, Server LAPTOP-PE606C6K\CRYPTON_BD, Line 49
Violation of PRIMARY KEY constraint 'PK__bitacora__3213E83F8BA73E4F'. Cannot insert duplicate key in object 'dbo.bitacora'. The duplicate key value is (47).
Msg 2627, Level 14, State 1, Server LAPTOP-PE606C6K\CRYPTON_BD, Line 50
Violation of PRIMARY KEY constraint 'PK__bitacora__3213E83F8BA73E4F'. Cannot insert duplicate key in object 'dbo.bitacora'. The duplicate key value is (48).
Msg 2627, Level 14, State 1, Server LAPTOP-PE606C6K\CRYPTON_BD, Line 51
Violation of PRIMARY KEY constraint 'PK__bitacora__3213E83F8BA73E4F'. Cannot insert duplicate key in object 'dbo.bitacora'. The duplicate key value is (49).
Msg 2627, Level 14, State 1, Server LAPTOP-PE606C6K\CRYPTON_BD, Line 52
Violation of PRIMARY KEY constraint 'PK__bitacora__3213E83F8BA73E4F'. Cannot insert duplicate key in object 'dbo.bitacora'. The duplicate key value is (50).
Msg 2627, Level 14, State 1, Server LAPTOP-PE606C6K\CRYPTON_BD, Line 53
Violation of PRIMARY KEY constraint 'PK__bitacora__3213E83F8BA73E4F'. Cannot insert duplicate key in object 'dbo.bitacora'. The duplicate key value is (51).
Msg 2627, Level 14, State 1, Server LAPTOP-PE606C6K\CRYPTON_BD, Line 54
Violation of PRIMARY KEY constraint 'PK__bitacora__3213E83F8BA73E4F'. Cannot insert duplicate key in object 'dbo.bitacora'. The duplicate key value is (52).
Msg 2627, Level 14, State 1, Server LAPTOP-PE606C6K\CRYPTON_BD, Line 55
Violation of PRIMARY KEY constraint 'PK__bitacora__3213E83F8BA73E4F'. Cannot insert duplicate key in object 'dbo.bitacora'. The duplicate key value is (53).
Msg 2627, Level 14, State 1, Server LAPTOP-PE606C6K\CRYPTON_BD, Line 56
Violation of PRIMARY KEY constraint 'PK__bitacora__3213E83F8BA73E4F'. Cannot insert duplicate key in object 'dbo.bitacora'. The duplicate key value is (54).
Msg 2627, Level 14, State 1, Server LAPTOP-PE606C6K\CRYPTON_BD, Line 57
Violation of PRIMARY KEY constraint 'PK__bitacora__3213E83F8BA73E4F'. Cannot insert duplicate key in object 'dbo.bitacora'. The duplicate key value is (55).
Msg 2627, Level 14, State 1, Server LAPTOP-PE606C6K\CRYPTON_BD, Line 58
Violation of PRIMARY KEY constraint 'PK__bitacora__3213E83F8BA73E4F'. Cannot insert duplicate key in object 'dbo.bitacora'. The duplicate key value is (56).
Msg 2627, Level 14, State 1, Server LAPTOP-PE606C6K\CRYPTON_BD, Line 59
Violation of PRIMARY KEY constraint 'PK__bitacora__3213E83F8BA73E4F'. Cannot insert duplicate key in object 'dbo.bitacora'. The duplicate key value is (57).
Msg 2627, Level 14, State 1, Server LAPTOP-PE606C6K\CRYPTON_BD, Line 60
Violation of PRIMARY KEY constraint 'PK__bitacora__3213E83F8BA73E4F'. Cannot insert duplicate key in object 'dbo.bitacora'. The duplicate key value is (58).
Msg 2627, Level 14, State 1, Server LAPTOP-PE606C6K\CRYPTON_BD, Line 61
Violation of PRIMARY KEY constraint 'PK__bitacora__3213E83F8BA73E4F'. Cannot insert duplicate key in object 'dbo.bitacora'. The duplicate key value is (59).
Msg 2627, Level 14, State 1, Server LAPTOP-PE606C6K\CRYPTON_BD, Line 62
Violation of PRIMARY KEY constraint 'PK__bitacora__3213E83F8BA73E4F'. Cannot insert duplicate key in object 'dbo.bitacora'. The duplicate key value is (60).
Msg 2627, Level 14, State 1, Server LAPTOP-PE606C6K\CRYPTON_BD, Line 63
Violation of PRIMARY KEY constraint 'PK__bitacora__3213E83F8BA73E4F'. Cannot insert duplicate key in object 'dbo.bitacora'. The duplicate key value is (61).
Msg 2627, Level 14, State 1, Server LAPTOP-PE606C6K\CRYPTON_BD, Line 64
Violation of PRIMARY KEY constraint 'PK__bitacora__3213E83F8BA73E4F'. Cannot insert duplicate key in object 'dbo.bitacora'. The duplicate key value is (62).
Msg 2627, Level 14, State 1, Server LAPTOP-PE606C6K\CRYPTON_BD, Line 65
Violation of PRIMARY KEY constraint 'PK__bitacora__3213E83F8BA73E4F'. Cannot insert duplicate key in object 'dbo.bitacora'. The duplicate key value is (63).
Msg 2627, Level 14, State 1, Server LAPTOP-PE606C6K\CRYPTON_BD, Line 66
Violation of PRIMARY KEY constraint 'PK__bitacora__3213E83F8BA73E4F'. Cannot insert duplicate key in object 'dbo.bitacora'. The duplicate key value is (64).
Msg 2627, Level 14, State 1, Server LAPTOP-PE606C6K\CRYPTON_BD, Line 67
Violation of PRIMARY KEY constraint 'PK__bitacora__3213E83F8BA73E4F'. Cannot insert duplicate key in object 'dbo.bitacora'. The duplicate key value is (65).
Msg 2627, Level 14, State 1, Server LAPTOP-PE606C6K\CRYPTON_BD, Line 68
Violation of PRIMARY KEY constraint 'PK__bitacora__3213E83F8BA73E4F'. Cannot insert duplicate key in object 'dbo.bitacora'. The duplicate key value is (66).
